16:50:18.775 [main] INFO  com.vtt.vtt - Starting vtt v0.0.1-SNAPSHOT using Java 17.0.12 with PID 21696 (C:\Users\o2iwa\Documents\GitHub\SRC\target\vtt-0.0.1-SNAPSHOT.jar started by o2iwa in C:\Users\o2iwa\Documents\GitHub\SRC\target)
16:50:18.816 [main] INFO  com.vtt.vtt - The following 1 profile is active: "dev"
16:50:19.576 [main] INFO  o.s.d.r.c.RepositoryConfigurationDelegate - Bootstrapping Spring Data MongoDB repositories in DEFAULT mode.
16:50:19.673 [main] INFO  o.s.d.r.c.RepositoryConfigurationDelegate - Finished Spring Data repository scanning in 94 ms. Found 22 MongoDB repository interfaces.
16:50:20.476 [main] INFO  o.s.b.w.e.tomcat.TomcatWebServer - Tomcat initialized with port(s): 1555 (http)
16:50:20.487 [main] INFO  o.a.coyote.http11.Http11NioProtocol - Initializing ProtocolHandler ["http-nio-0.0.0.0-1555"]
16:50:20.491 [main] INFO  o.a.catalina.core.StandardService - Starting service [Tomcat]
16:50:20.491 [main] INFO  o.a.catalina.core.StandardEngine - Starting Servlet engine: [Apache Tomcat/10.1.10]
16:50:20.642 [main] INFO  o.a.c.c.C.[Tomcat].[localhost].[/] - Initializing Spring embedded WebApplicationContext
16:50:20.644 [main] INFO  o.s.b.w.s.c.ServletWebServerApplicationContext - Root WebApplicationContext: initialization completed in 1781 ms
16:50:21.004 [main] INFO  org.mongodb.driver.client - MongoClient with metadata {"driver": {"name": "mongo-java-driver|sync|spring-boot", "version": "4.9.1"}, "os": {"type": "Windows", "name": "Windows 11", "architecture": "amd64", "version": "10.0"}, "platform": "Java/Oracle Corporation/17.0.12+8-LTS-286"} created with settings MongoClientSettings{readPreference=primary, writeConcern=WriteConcern{w=null, wTimeout=null ms, journal=null}, retryWrites=true, retryReads=true, readConcern=ReadConcern{level=null}, credential=null, streamFactoryFactory=null, commandListeners=[], codecRegistry=ProvidersCodecRegistry{codecProviders=[ValueCodecProvider{}, BsonValueCodecProvider{}, DBRefCodecProvider{}, DBObjectCodecProvider{}, DocumentCodecProvider{}, CollectionCodecProvider{}, IterableCodecProvider{}, MapCodecProvider{}, GeoJsonCodecProvider{}, GridFSFileCodecProvider{}, Jsr310CodecProvider{}, JsonObjectCodecProvider{}, BsonCodecProvider{}, EnumCodecProvider{}, com.mongodb.client.model.mql.ExpressionCodecProvider@aa5455e, com.mongodb.Jep395RecordCodecProvider@282308c3]}, loggerSettings=LoggerSettings{maxDocumentLength=1000}, clusterSettings={hosts=[localhost:27017], srvServiceName=mongodb, mode=SINGLE, requiredClusterType=UNKNOWN, requiredReplicaSetName='null', serverSelector='null', clusterListeners='[]', serverSelectionTimeout='30000 ms', localThreshold='30000 ms'}, socketSettings=SocketSettings{connectTimeoutMS=10000, readTimeoutMS=0, receiveBufferSize=0, sendBufferSize=0}, heartbeatSocketSettings=SocketSettings{connectTimeoutMS=10000, readTimeoutMS=10000, receiveBufferSize=0, sendBufferSize=0}, connectionPoolSettings=ConnectionPoolSettings{maxSize=100, minSize=0, maxWaitTimeMS=120000, maxConnectionLifeTimeMS=0, maxConnectionIdleTimeMS=0, maintenanceInitialDelayMS=0, maintenanceFrequencyMS=60000, connectionPoolListeners=[], maxConnecting=2}, serverSettings=ServerSettings{heartbeatFrequencyMS=10000, minHeartbeatFrequencyMS=500, serverListeners='[]', serverMonitorListeners='[]'}, sslSettings=SslSettings{enabled=false, invalidHostNameAllowed=false, context=null}, applicationName='null', compressorList=[], uuidRepresentation=JAVA_LEGACY, serverApi=null, autoEncryptionSettings=null, contextProvider=null}
16:50:21.040 [cluster-ClusterId{value='6846c3745dbfaf61363dbd52', description='null'}-localhost:27017] INFO  org.mongodb.driver.cluster - Monitor thread successfully connected to server with description ServerDescription{address=localhost:27017, type=STANDALONE, state=CONNECTED, ok=true, minWireVersion=0, maxWireVersion=25, maxDocumentSize=16777216, logicalSessionTimeoutMinutes=30, roundTripTimeNanos=46717000}
16:50:22.989 [main] INFO  o.s.s.web.DefaultSecurityFilterChain - Will secure any request with [org.springframework.security.web.session.DisableEncodeUrlFilter@47a7a101, org.springframework.security.web.context.request.async.WebAsyncManagerIntegrationFilter@5bb51241, org.springframework.security.web.context.SecurityContextHolderFilter@34f392be, org.springframework.security.web.header.HeaderWriterFilter@28501a4b, org.springframework.security.web.authentication.logout.LogoutFilter@6c518474, com.vtt.security.JwtAuthenticationFilter@771db12c, org.springframework.security.web.savedrequest.RequestCacheAwareFilter@3f9f71ff, org.springframework.security.web.servletapi.SecurityContextHolderAwareRequestFilter@27e5b378, org.springframework.security.web.authentication.AnonymousAuthenticationFilter@7479b626, org.springframework.security.web.session.SessionManagementFilter@6e33fcae, org.springframework.security.web.access.ExceptionTranslationFilter@288214b1, org.springframework.security.web.access.intercept.AuthorizationFilter@9e2ad91]
16:50:23.492 [main] WARN  o.s.b.a.t.ThymeleafAutoConfiguration$DefaultTemplateResolverConfiguration - Cannot find template location: classpath:/templates/ (please add some templates, check your Thymeleaf configuration, or set spring.thymeleaf.check-template-location=false)
16:50:23.570 [main] INFO  o.a.coyote.http11.Http11NioProtocol - Starting ProtocolHandler ["http-nio-0.0.0.0-1555"]
16:50:23.608 [main] INFO  o.s.b.w.e.tomcat.TomcatWebServer - Tomcat started on port(s): 1555 (http) with context path ''
16:50:23.632 [main] INFO  com.vtt.vtt - Started vtt in 5.227 seconds (process running for 5.868)
16:50:23.672 [scheduling-1] DEBUG o.s.data.mongodb.core.MongoTemplate - find using query: { "emailVerified" : false, "registrationTimestamp" : { "$lt" : { "$date" : "2025-06-09T10:50:23.618Z"}}} fields: Document{{}} for class: class com.vtt.entities.User in collection: users
16:50:23.702 [main] DEBUG o.s.data.mongodb.core.MongoTemplate - Saving Document containing fields: [_id, name, _class]
16:50:23.826 [main] DEBUG o.s.data.mongodb.core.MongoTemplate - Saving Document containing fields: [_id, name, _class]
16:50:23.868 [main] WARN  com.vtt.vtt - Warn Message
16:50:23.868 [main] ERROR com.vtt.vtt - Error Message
16:50:23.868 [main] INFO  com.vtt.vtt - Info Message
16:51:23.625 [scheduling-1] DEBUG o.s.data.mongodb.core.MongoTemplate - find using query: { "emailVerified" : false, "registrationTimestamp" : { "$lt" : { "$date" : "2025-06-09T10:51:23.624Z"}}} fields: Document{{}} for class: class com.vtt.entities.User in collection: users
16:52:23.622 [scheduling-1] DEBUG o.s.data.mongodb.core.MongoTemplate - find using query: { "emailVerified" : false, "registrationTimestamp" : { "$lt" : { "$date" : "2025-06-09T10:52:23.621Z"}}} fields: Document{{}} for class: class com.vtt.entities.User in collection: users
16:53:23.628 [scheduling-1] DEBUG o.s.data.mongodb.core.MongoTemplate - find using query: { "emailVerified" : false, "registrationTimestamp" : { "$lt" : { "$date" : "2025-06-09T10:53:23.627Z"}}} fields: Document{{}} for class: class com.vtt.entities.User in collection: users
